eb7947150622018e044ce6a8a57946e9  /etc/fstab
09ed47feb2636743954844badc213d8f  /etc/resolv.conf
c45e7e322681292ce4c1d2a6d392c4b5  /etc/pki/rpm-gpg/RPM-GPG-KEY-CentOS-7
ecbacceaf994cccd0a53610260eccdb0  /etc/pki/rpm-gpg/RPM-GPG-KEY-CentOS-Debug-7
4ef76f168f3630fc99de8869d42f7f36  /etc/pki/rpm-gpg/RPM-GPG-KEY-CentOS-Testing-7
58fa8ae27c89f37b08429f04fd4a88cc  /etc/pki/rpm-gpg/RPM-GPG-KEY-EPEL-7
8440ad1d2f279702b40eced61e535260  /etc/pki/rpm-gpg/google-rpm-package-key.gpg
1b2ff71397b4fdc6bda62ae85823703e  /etc/pki/rpm-gpg/google-key.gpg
2b2f570722f9c5a7f19e8f2a885253c1  /etc/pki/ca-trust/README
962f2b1b8477e4e317fc650e11a50c8e  /etc/pki/ca-trust/ca-legacy.conf
f234453a09e4e815fcc1f777c1d123c5  /etc/pki/ca-trust/extracted/README
b7caadb545403bbf421f80f5ac0ccb1f  /etc/pki/ca-trust/extracted/java/README
6e7621a139f604af37359bdff736bf28  /etc/pki/ca-trust/extracted/java/cacerts
6157e0cd485cc847eea08e651ce672c9  /etc/pki/ca-trust/extracted/openssl/README
64ad967a2bf0296c5cd41ef202d2e0c9  /etc/pki/ca-trust/extracted/openssl/ca-bundle.trust.crt
8d1ec9274f7f58fc21fdb92926ee17a0  /etc/pki/ca-trust/extracted/pem/README
c65777c5a76db7a209a3ba5e6c5590cb  /etc/pki/ca-trust/extracted/pem/tls-ca-bundle.pem
ff81c7b5fda103ff24710e0f927a7416  /etc/pki/ca-trust/extracted/pem/email-ca-bundle.pem
d41d8cd98f00b204e9800998ecf8427e  /etc/pki/ca-trust/extracted/pem/objsign-ca-bundle.pem
fe5a4775c334dfb9c64c19a6b4407dc9  /etc/pki/ca-trust/source/README
31e005bd89f4211800f61bd2e69ce72c  /etc/pki/tls/openssl.cnf
abaf987a7d5fa9bd777d2d872afc6f24  /etc/pki/nss-legacy/nss-rhel7.config
a5ae49867124ac75f029a9a33af31bad  /etc/pki/nssdb/cert8.db
5520c6c0d00b85745932dcead928126c  /etc/pki/nssdb/cert9.db
9315689bbd9f28ceebd47894f99fccbd  /etc/pki/nssdb/key3.db
a2bd49e58c3f2b3cf951c07f419ea93e  /etc/pki/nssdb/key4.db
c1d46e3bffc57abeac3e9416cb85adc2  /etc/pki/nssdb/pkcs11.txt
73bc040a0542bba387e6dd7fb9fd7d23  /etc/pki/nssdb/secmod.db
ca48336cd816f0e9583d1c26d62b089d  /etc/rpm/macros.dist
2cd6cec58492d0a2bedcb9137115a5f5  /etc/rpm/macros.perl
9098fc723b1e00c92e8515f06980d83e  /etc/yum.repos.d/CentOS-Base.repo
445ed4f0ee3888384e854fb8527a7cde  /etc/yum.repos.d/CentOS-CR.repo
e9e506425094f43b5c8f053090dbf4d4  /etc/yum.repos.d/CentOS-Debuginfo.repo
1d7797c5082bd565facd68c5aa9352bf  /etc/yum.repos.d/CentOS-Media.repo
04d662bb1648477bf50e658a20c10145  /etc/yum.repos.d/CentOS-Sources.repo
0ac7166ad220b05729b92851ab4db923  /etc/yum.repos.d/CentOS-Vault.repo
52d296f7a45f56c85d18473eca5bab16  /etc/yum.repos.d/CentOS-fasttrack.repo
f7b8db9259739ea6884df7ed056b0dc2  /etc/yum.repos.d/CentOS-x86_64-kernel.repo
8f7979c61e25ee632a1ae35ca7719925  /etc/yum.repos.d/google-cloud.repo
fd8d8b6d29e716b448f89fe2f9267e47  /etc/yum.repos.d/epel-testing.repo
2acf0cc697b460493afb71e63411a23d  /etc/yum.repos.d/epel.repo
0d12069f957b7ad4c01a0cb91e962ffe  /etc/yum/vars/contentdir
72e6225074d4688085433eea256544e8  /etc/yum/vars/infra
0b0839593097bacfdf86c38b9b90cf9d  /etc/yum/pluginconf.d/fastestmirror.conf
21e381a05dee1805ef35be30953515d8  /etc/yum/pluginconf.d/langpacks.conf
cbda7b98ead9d888af239ed0e277862f  /etc/yum/protected.d/systemd.conf
69740545344fb39d7ca41206073add85  /etc/yum/version-groups.conf
59ddf6a7518a82fba56e61645b4f8105  /etc/yum/yum-cron-hourly.conf
0bbbb845d77192d79b1a70fc1e6a375c  /etc/yum/yum-cron.conf
272913026300e7ae9b5e2d51f138e674  /etc/magic
a6a89bcebb99368dc1fd31eabe29e949  /etc/acpi/actions/power.sh
f29f9bfd00dd416c97db8f738e5a9237  /etc/acpi/events/powerconf
c7e90504ce3c63d143c9bf4383ad3d02  /etc/acpi/events/videoconf
902962816d0ec4fbb532949f70a41ae7  /etc/centos-release
959c737a2ef6c5ef92e30b42f215abc6  /etc/groff/site-tmac/man.local
ddd087aa8d49e540c9f293449e6acd07  /etc/groff/site-tmac/mdoc.local
99f19add3dface773af4713fe3cfc277  /etc/centos-release-upstream
2368d3627fd9e7dd5cd682d89652d9d8  /etc/openldap/certs/secmod.db
a5ae49867124ac75f029a9a33af31bad  /etc/openldap/certs/cert8.db
ecbecbaa42515ffb383b07c9f6c0a5bc  /etc/openldap/certs/key3.db
3249b02f6d57bef9a424860cb7624e09  /etc/openldap/ldap.conf
f078fe086dfc22f64b5dca2e1b95de2c  /etc/issue
6bd2bb550f448cb81c6f0cbf806b936f  /etc/libuser.conf
af04594bde4a54fe2c2ef7447d9f969e  /etc/issue.net
723727cb0572654bc5143e28115e3ed3  /etc/my.cnf
82bf091f4db5cdf82e15eb2354dd1fee  /etc/nvme/hostnqn
7ee19475ccfbc7e1631eb08aac15a0d8  /etc/nvme/hostid
fd070252e6e9996bd04d9d59e4ce21eb  /etc/iproute2/bpf_pinning
b91e7f9b26918449bade9573f8871d61  /etc/iproute2/ematch_map
3aea2c0e0dd75e13a5f8f48f2936915f  /etc/iproute2/group
393e42fa549d0974eb66d576675779c2  /etc/iproute2/nl_protos
ef115004c1a0a4160efe6b9d445ac004  /etc/iproute2/rt_dsfield
a4f97323f29caf9faf49596aea11d91a  /etc/iproute2/rt_protos
7137bdf40e8d58c87ac7e3bba503767f  /etc/iproute2/rt_realms
6298b8df09e9bda23ea7da49021ca457  /etc/iproute2/rt_scopes
a1313318d6778fe6b8c680248ef5a463  /etc/iproute2/rt_tables
1c9cf478bb79baae4939470b606609d0  /etc/asound.conf
2b2d5374a91fe09c273107ab9504e8c1  /etc/system-release-cpe
852dab9087d52b29a2aa324791a07c6c  /etc/aliases
1c0c9997039a4831957599fa81bb1043  /etc/my.cnf.d/mysql-clients.cnf
3f48a33cc1fce59ff2df86429151c0e0  /etc/bashrc
3a6a059e04b951923f6d83b7ed327e0e  /etc/depmod.d/dist.conf
c45abb08b53ab4122f75c015cbb4d7a4  /etc/csh.cshrc
21b979d69ce3b155e02533c32147549e  /etc/yum.conf
81eebc70d374d6d8687d93ac609193b3  /etc/csh.login
649f5bf7c0c766969e40b54949a06866  /etc/dracut.conf
d41d8cd98f00b204e9800998ecf8427e  /etc/environment
1306ac034c7103c6bbaa8c9a536a2897  /etc/dracut.conf.d/gce.conf
d41d8cd98f00b204e9800998ecf8427e  /etc/exports
72688131394bcce818f818e2bae98846  /etc/modprobe.d/tuned.conf
77304062b81bc20cffce814ff6bf8ed5  /etc/modprobe.d/firewalld-sysctls.conf
0b501d6d547fa5bb989b9cb877fee8cb  /etc/modprobe.d/dccp-blacklist.conf
d135e0606f5aa462d0ca7935a3dc7b1d  /etc/modprobe.d/gce-blacklist.conf
9d1a5fc268bce3d94a15c7f946958b94  /etc/modprobe.d/blacklist-floppy.conf
9fd2495ac240a2f59ae38e924ca444e5  /etc/filesystems
d779db0cc6135e09b4d146ca69d39c2b  /etc/rsyslog.d/listen.conf
95621739c3613c29d5e336bbc86b9382  /etc/rsyslog.d/90-google.conf
15c0f653dd45bd7a380a67bc3e10ac50  /etc/group
4eb63731c9f5e30903ac4fc07a7fe3d6  /etc/host.conf
7cb6c9cab8ec511882e0e05fceb87e45  /etc/systemd/bootchart.conf
2ad769b57d77224f7a460141e3f94258  /etc/systemd/coredump.conf
61493a9d3062a5d0f9a2e7297ed9497d  /etc/systemd/journald.conf
490ed7b5194549a08518a635e6f50930  /etc/systemd/logind.conf
faf309d7555147dfa79d9b54bfd1ebbd  /etc/systemd/system.conf
2eaf5976751be8864d0555f30814d832  /etc/systemd/user.conf
fb4a133207454e3011bee4239cf40e0f  /etc/hosts
3fb7d181e3e605ca91541c0d82753616  /etc/hosts.allow
4022cc06f1f2fa60d0eecb807417c1c4  /etc/passwd-
4f4e87d9e9b723da22f89491cb2d758d  /etc/hosts.deny
18cd1eb1adf5eebaf01962c713047726  /etc/inputrc
f55c94d000b5d62b5f06d38852977dd1  /etc/dbus-1/system.d/org.freedesktop.hostname1.conf
7e2c094c5009f9ec2748dce92f2209bd  /etc/dbus-1/system.d/org.freedesktop.import1.conf
5893ab03e7e96aa3759baceb4dd04190  /etc/dbus-1/system.d/org.freedesktop.locale1.conf
f0c4b315298d5d687e04183ca2e36079  /etc/dbus-1/system.d/org.freedesktop.login1.conf
206b67b8db666b714ba37c8257e10dad  /etc/dbus-1/system.d/org.freedesktop.machine1.conf
3ebe6cf0f561933d263543cf46c7dd53  /etc/dbus-1/system.d/org.freedesktop.systemd1.conf
682369fbf3de26b21e775732c89a2bbe  /etc/dbus-1/system.d/org.freedesktop.timedate1.conf
0dedb93eacf6345970d527e5d257cd20  /etc/dbus-1/system.d/org.freedesktop.PolicyKit1.conf
a700637c8eb19e4879c8eb754d464ff4  /etc/dbus-1/system.d/wpa_supplicant.conf
5711a76c31a3763750fe2c331741f679  /etc/dbus-1/system.d/nm-dispatcher.conf
e50b02b9e236bf5cb10c91a8cf667745  /etc/dbus-1/system.d/nm-ifcfg-rh.conf
8f852d42a88db904ac397532149cd8ab  /etc/dbus-1/system.d/org.freedesktop.NetworkManager.conf
8c7bde3ac780831e2a3d05c6670e3271  /etc/dbus-1/system.d/teamd.conf
d8820ebfe78ef0a32ad9ccde1f038487  /etc/dbus-1/system.d/com.redhat.tuned.conf
ac561becee880bdbd789a0d1772f8327  /etc/dbus-1/system.d/FirewallD.conf
cc8ea0872ace9945b8fcfc232c316be2  /etc/dbus-1/session.conf
ba0df1208e214a87771671053c29dbe7  /etc/dbus-1/system.conf
d41d8cd98f00b204e9800998ecf8427e  /etc/motd
d46d06aef933b93f8a3faedbc26c94d9  /etc/sysctl.d/60-gce-network-security.conf
19c22f45d53d0c3dc60a9e51084ec559  /etc/passwd
dc208a34b021823564a290720169534e  /etc/printcap
14ceda6dd42428117c0286499ac77c47  /etc/udev/udev.conf
de5f9c8909386d53d9a3c96495c1084e  /etc/udev/hwdb.bin
253089b60a2bd52300223f8dd4680363  /etc/profile
d9c561e5b700242855b1e8a4d0b5053f  /etc/profile.d/csh.local
be43c8d87fdb0cc063c452a9a612dd1e  /etc/profile.d/sh.local
a63b2c73bf857ce4db39d9548e55fb35  /etc/profile.d/colorgrep.csh
f16cbc6051d62c630fbb61c260974f79  /etc/profile.d/colorgrep.sh
c8a84338dac38bcb40f0037d0bef97e7  /etc/profile.d/which2.csh
826243ccf992dc34e2eb7a5c541ea313  /etc/profile.d/which2.sh
34e1e00d41afe71a54ed3ecfcb2b055f  /etc/profile.d/less.csh
7f38dc450f05366ae5367e131bcb6b76  /etc/profile.d/less.sh
3f31961dedb4fa3ee04ca5eb964b4c9b  /etc/profile.d/colorls.csh
e7abc8af49cfce54d51f3080bcfeb9d6  /etc/profile.d/colorls.sh
c3012d21fea72115ca403926303739e9  /etc/profile.d/256term.csh
d6524290eb846ea050647a4d09d35aec  /etc/profile.d/256term.sh
bdfce51a72fee8aec5b746e74fac41a0  /etc/profile.d/lang.csh
8f6746f1723b0b8ae9b59e353f12a95f  /etc/profile.d/lang.sh
83f77bfa751c699826a30d2fabae051c  /etc/profile.d/vim.csh
f2b513bc7af6e1f0e75e0a1fb5bb72a6  /etc/profile.d/vim.sh
37b685d8549b31ac909a73d3b33b4590  /etc/machine-id
9f924b5dfb0ef7ad7814f26d92504609  /etc/protocols
66a88d6c4d693170753ea3382f8bc150  /etc/inittab
8e0abe8547f0411554a35b97447b2fbd  /etc/services
248136a7001afa1fb792e6c616ad2b00  /etc/nsswitch.conf.bak
843e331befa2f00343439c32426891ea  /etc/NetworkManager/dispatcher.d/00-netreport
40215105991ac3ed9e087781557e9468  /etc/NetworkManager/dispatcher.d/11-dhclient
8748a663f0b1943ea491858f414a6b26  /etc/NetworkManager/dispatcher.d/20-chrony
97ab0a2fb862fc9abbaf722f66d29d27  /etc/NetworkManager/NetworkManager.conf
9e0b03919f96a45f9eb5ee09b6266727  /etc/shells
958486ad3e0ec1b1a162e8e8713d9e4c  /etc/adjtime
d0dbe292010797aa70f634dd970813b0  /etc/subgid
03f670845fe199955f9a0babecbda9a0  /etc/networks
d0dbe292010797aa70f634dd970813b0  /etc/subuid
1215cec8b7cc508972f66f19e46f65b1  /etc/bash_completion.d/iprutils
1f78d91177c9a9ba67383ea4ae3e8b31  /etc/bash_completion.d/git
6a5bc1cc5f80a48b540bc09d082b5855  /etc/skel/.bash_logout
f939eb71a81a9da364410b799e817202  /etc/skel/.bash_profile
2f8222b4f275c4f18e69c34f66d2631b  /etc/skel/.bashrc
de08f397138caf0c99bda7e7322b2172  /etc/sysconfig/cbq/avpkt
760fb2971fb9b19e62564169e0bd94f9  /etc/sysconfig/cbq/cbq-0000.example
52b80b4ab7cafb63b53013edb769037c  /etc/sysconfig/rdisc
62f39cb6e6ced2b374af6955bda3ed8f  /etc/sysconfig/init
2c1bb35a3e2de566f91029be1e7449bd  /etc/sysconfig/netconsole
296c3ca2a7cbf7b22d813fdab155d5fc  /etc/sysconfig/network-scripts/ifcfg-lo
84ffb68dd12cb50c0dc35c4531f01068  /etc/sysconfig/network-scripts/ifdown-bnep
36e114797edd5c5bd04cbfc5236c0f00  /etc/sysconfig/network-scripts/ifdown-eth
fdc2edefb56681de9d61dbd0f2864c9b  /etc/sysconfig/network-scripts/ifdown-ippp
ad8684350900195bacb5363f37d2d54d  /etc/sysconfig/network-scripts/ifdown-ipv6
de390ddfcbb8b1836de0a21a1e88cae2  /etc/sysconfig/network-scripts/ifdown-post
f3fe7259dc1c9f47de2eb430c567c38b  /etc/sysconfig/network-scripts/ifdown-ppp
1842be55c6bc3b3ebffa8472e8e1468c  /etc/sysconfig/network-scripts/ifdown-routes
e457382a0d65153512ce92504feaa29c  /etc/sysconfig/network-scripts/ifdown-sit
b0333f564ef7e44403bda955dbc3b31d  /etc/sysconfig/network-scripts/ifdown-tunnel
af81b2e4d367ac2b1617db67abb9882c  /etc/sysconfig/network-scripts/ifup-aliases
26c593415420800042e1373fcab94201  /etc/sysconfig/network-scripts/ifup-bnep
f86539221c95b975c5b6e15119fb075e  /etc/sysconfig/network-scripts/ifup-eth
3832bfa2ef5134561be42e27b288f30e  /etc/sysconfig/network-scripts/ifup-ippp
689ee6fef3925e0331348f351c1555ee  /etc/sysconfig/network-scripts/ifup-ipv6
3f3d873aaedb1b89a274c166696e5310  /etc/sysconfig/network-scripts/ifup-plip
bfc7386a37566c11d3bfe15afcea9a09  /etc/sysconfig/network-scripts/ifup-plusb
5da545ae2a637b9ad48b0ed4114e5868  /etc/sysconfig/network-scripts/ifup-post
6d68ec108181efc0fad00b304f39645e  /etc/sysconfig/network-scripts/ifup-ppp
0ecd66cc9c59f2aaf2102758b1ad240d  /etc/sysconfig/network-scripts/ifup-routes
5d232707368543bf4be30a96758305a0  /etc/sysconfig/network-scripts/ifup-sit
57586b5b657c0109317d642c3844dcc4  /etc/sysconfig/network-scripts/ifup-tunnel
a3b2acd672898132b2bd9011485b3cf1  /etc/sysconfig/network-scripts/ifup-wireless
0f06aa698fec26044bea47cd8a059f4b  /etc/sysconfig/network-scripts/init.ipv6-global
4a750761981f31cc443561b5581efc61  /etc/sysconfig/network-scripts/network-functions
91ae9c9a7a930b0f616263c89edcf9f2  /etc/sysconfig/network-scripts/network-functions-ipv6
1375616a0b3cadaed43e6764e9e5e836  /etc/sysconfig/network-scripts/ifdown-Team
f54fd86ca9e46ac27ffbd35420c28c0f  /etc/sysconfig/network-scripts/ifdown-TeamPort
cd7fe4c5840d86e50bd7b2bab03f0eb9  /etc/sysconfig/network-scripts/ifup-Team
1e99c376743b9aa0dc1df9d8acff09bb  /etc/sysconfig/network-scripts/ifup-TeamPort
508d51ae5b6a3b1f96e9d15830f72f2d  /etc/sysconfig/network-scripts/ifcfg-eth0
b1d340ebe3171391846d5957dad0601b  /etc/sysconfig/readonly-root
d41d8cd98f00b204e9800998ecf8427e  /etc/sysconfig/run-parts
7c0952f4a370ebf416fb8c359ad7522b  /etc/sysconfig/wpa_supplicant
fab924f9b334d93153b1d8a11f3fbe17  /etc/sysconfig/firewalld
b52869319c8c2bbe0c87a5454267954c  /etc/sysconfig/qemu-ga
590d7bb33f50f6f307b1f7c756a472d1  /etc/sysconfig/chronyd
2dd909cb96f91060d206c4936dac51ee  /etc/sysconfig/rsyslog
75a951763c3741dbe4d0fa3592ee5b54  /etc/sysconfig/acpid
262aebbf4e305c53d22d17b4c23f47e1  /etc/sysconfig/cpupower
7bc3322e5de3a7c185641d711b66518c  /etc/sysconfig/man-db
0e2b1a1eaa158cff508932af380d67c1  /etc/sysconfig/kernel
58bfe26480df2d26e2707741e0f0f08f  /etc/sysconfig/network
4455c4a8d2c84afbb17f0abf90b345c5  /etc/sysconfig/anaconda
aa76f4241f7dd0a8198aadc95e584b19  /etc/sysconfig/rsyncd
d0f5f705846350b43033834f51c9135c  /etc/prelink.conf.d/nss-softokn-prelink.conf
0335aabf8106f29f6857d74c98697542  /etc/prelink.conf.d/fipscheck.conf
321ec6fd36bce09ed68b854270b9136c  /etc/prelink.conf.d/grub2.conf
e3d06aff32e963139bdfd034cf388e7a  /etc/default/nss
ebdf46b79f9b414353c9ae8aba4d55cc  /etc/default/useradd
f47c7e4fea739d1d4b78785ac61bbd57  /etc/default/grub
c9b671af6281136edcbf33c6afc50d89  /etc/default/instance_configs.cfg
b8151a571b5d30caf8a5592e8324bf16  /etc/statetab
cb878ee72257736aafffff720130ca9c  /etc/ld.so.conf
fda462cefbb3ca0b84e2b36f993c242f  /etc/ld.so.conf.d/bind-export-x86_64.conf
ac3aebcaf6963ab83a099706d0d512f4  /etc/ld.so.conf.d/mariadb-x86_64.conf
a4d5bd9d56e162f5ea65eb8c199bcd2f  /etc/ld.so.conf.d/kernel-3.10.0-1160.15.2.el7.x86_64.conf
21ed70f6bcf44093f561c217513d7182  /etc/rwtab.d/logrotate
9f5dc50f774b41b956c492cb4d1e2fcb  /etc/nsswitch.conf
9a193ca4152451fd351ef647e73b96d7  /etc/rpc
58f8f84570c140656dca01ba812290d5  /etc/ssh/moduli
8a868e96b57f6845338a17e02a648b60  /etc/ssh/ssh_config
e27419688f96babdb77f76f92998fcc5  /etc/ssh/ssh_host_rsa_key.pub
f0d04468389db2e40d24206eab09e662  /etc/ssh/ssh_host_ecdsa_key.pub
623a9e695c6d8382938173fe470e27d9  /etc/ssh/ssh_host_ed25519_key.pub
821e307e2811a19ea26dc755b5b4fc49  /etc/ld.so.cache
b657ca9981090cd5e71fc3d9259f2dbe  /etc/ppp/ip-down
213c08c571f8de8605091e99fe2c0908  /etc/ppp/ip-down.ipv6to4
e54c0cad0527eee4dbbdcd44f5bc18e6  /etc/ppp/ip-up
c731579cb81ebb0a93fd4b6965ef4585  /etc/ppp/ip-up.ipv6to4
8543a57888938fbb4e3d1b27cf3844f4  /etc/ppp/ipv6-down
914a8349f59d4ee48d3ccbef922e2fc3  /etc/ppp/ipv6-up
96bed630897bd42327f8eff5bcbe96b4  /etc/rc.d/init.d/README
85ac6bfdecde08e667f031e65fe5b5e2  /etc/rc.d/init.d/functions
0689e5ecaca5c72f89cd443297568b2f  /etc/rc.d/init.d/netconsole
918c7d263d5d6e4ad5ad83fca72769b9  /etc/rc.d/init.d/network
8757872e21129709e20bd30f9aa51e21  /etc/rc.d/rc.local
442d8a2f5e5f82cdb6dae6ec8f98e30a  /etc/rwtab
324c073ebf5a4811bf7fd5610f170350  /etc/sysctl.conf
8675eb4a3dba8e20bd6b82c626304556  /etc/cron.hourly/0anacron
e14bd5fec2e3cdaea250fb6d4537e387  /etc/cron.hourly/0yum-hourly.cron
c39252b11aad842fcb75e05c6a27eef8  /etc/crontab
6dae2e66d0089d8479b14855d4203497  /etc/GREP_COLORS
cbce81546243221c879139644ede004d  /etc/logrotate.d/yum
d733a9bdf0a1eb9881395a1cbbfdcb5b  /etc/logrotate.d/wpa_supplicant
0f1e42d11052c238718996029ffb809b  /etc/logrotate.d/bootlog
1807a9d374ef509073a3b3552f8c29ea  /etc/logrotate.d/firewalld
6a3178c4670de7de393d9365e2793740  /etc/logrotate.d/chrony
79d4bbb4dc7a5b5ff0b1b1ebd06c2b0b  /etc/logrotate.d/syslog
3e07259e58674631830b152e983ca995  /etc/libnl/classid
7613dbc41b2dc3258195b6b6abd0f179  /etc/libnl/pktloc
237404196df68fb16a384d904e89f181  /etc/virc
ee2b3ef1d182b83f80bca198d929e614  /etc/selinux/semanage.conf
39585edc277c136b2bc88c2ce7b4018a  /etc/selinux/config
ba0bcfd0d7d8343a467eb5421bd1ca9f  /etc/selinux/targeted/modules/active/README.migrated
cfdd598c5047fab266e2ed64508ec0db  /etc/selinux/targeted/.policy.sha512
2bbc94669075c38368b5dabe78c9cd6c  /etc/selinux/targeted/booleans.subs_dist
4f3161e07c771b81ac303f21dd424acf  /etc/selinux/targeted/contexts/customizable_types
b1c42884fa5bdbde53d64cff469374fd  /etc/selinux/targeted/contexts/dbus_contexts
0888c75fc814058bb3c01ef58f7a1f47  /etc/selinux/targeted/contexts/default_contexts
d0f63fea19ee82e5f65bdbb1de899c5d  /etc/selinux/targeted/contexts/default_type
940b12538b676287b3c33e68426898ac  /etc/selinux/targeted/contexts/failsafe_context
8ef9e461302d72f774b71d1585131de8  /etc/selinux/targeted/contexts/files/file_contexts
1cd4b941390e1aeb2b656d1b18122bd9  /etc/selinux/targeted/contexts/files/file_contexts.bin
d1d0cb49ff0bd4cb411d9c42105eb60e  /etc/selinux/targeted/contexts/files/file_contexts.homedirs
dda2537cdab394b5ab4dce5d6a14475c  /etc/selinux/targeted/contexts/files/file_contexts.homedirs.bin
d41d8cd98f00b204e9800998ecf8427e  /etc/selinux/targeted/contexts/files/file_contexts.subs
8f9f06a7371255cba7e75947bb5dffdd  /etc/selinux/targeted/contexts/files/file_contexts.subs_dist
3c867677892c0a15dc0b9e9811cc2c49  /etc/selinux/targeted/contexts/files/media
99866a62735a38b2bf839233c1a1689d  /etc/selinux/targeted/contexts/initrc_context
16776581c6d081eb8c2aebfae440f280  /etc/selinux/targeted/contexts/lxc_contexts
e56a6b14d2bed27405d2066af463df9f  /etc/selinux/targeted/contexts/removable_context
ee2445f940ed1b33e778a921cde8ad9e  /etc/selinux/targeted/contexts/securetty_types
eea86cd9c44d40ad67a5eba484c451cb  /etc/selinux/targeted/contexts/sepgsql_contexts
ba4ad542f3d3f4defab67b3b0145f533  /etc/selinux/targeted/contexts/snapperd_contexts
ee907d56ba81b1303c4867e8a89a3049  /etc/selinux/targeted/contexts/systemd_contexts
53441d64f9bc6337e3aac33f05d0954c  /etc/selinux/targeted/contexts/userhelper_context
61e7e7e7403b2eac30e312342e66e4cd  /etc/selinux/targeted/contexts/users/guest_u
328e08341d1ff9296573dd43c355e283  /etc/selinux/targeted/contexts/users/root
f3412f7cbf441078a9de40fcaab93254  /etc/selinux/targeted/contexts/users/staff_u
a6d67d6f05f6a8091519bb94f3dd084b  /etc/selinux/targeted/contexts/users/sysadm_u
ee88bed48d9601ff2b11f68f97d361ac  /etc/selinux/targeted/contexts/users/unconfined_u
2fe911f440282fda0590cd99540da579  /etc/selinux/targeted/contexts/users/user_u
e26010a418df86902332c57434370246  /etc/selinux/targeted/contexts/users/xguest_u
92345cc8a4236439f6f8dfbd05f9e40e  /etc/selinux/targeted/contexts/virtual_domain_context
b21a69d3423d2e085d5195e25922eaa1  /etc/selinux/targeted/contexts/virtual_image_context
9dde3f5e3ddac42b9e99a4613c972b97  /etc/selinux/targeted/contexts/x_contexts
d7f68b97f60bd62d500623efe98a3d1e  /etc/selinux/targeted/policy/policy.31
ae70362b6fa2af117bd6e293ce232069  /etc/selinux/targeted/setrans.conf
5c41ceda3b27efdf7e1b0eee7441931b  /etc/selinux/targeted/seusers
8f42efd9d1efe717f27267e6a4286453  /etc/sestatus.conf
acdf440866506c5d7b929395124defdd  /etc/DIR_COLORS
4b32bbe6d2d20a1f3150b0fb3918ae54  /etc/logrotate.conf
12936ea7cd422cb740f9c61263704a61  /etc/DIR_COLORS.256color
16e73be8fe46a83f7525b59f921e9bab  /etc/cron.daily/man-db.cron
bb5bb33196a9f0a86cf80a2c4b555144  /etc/cron.daily/0yum-daily.cron
5e025d6cbedf56771499d2fe2b63090e  /etc/DIR_COLORS.lightbgcolor
1638f7fe39f7f52c412e1705a0bc52d1  /etc/cron.d/0hourly
64d3951803f27509be4938af25550fb4  /etc/krb5.conf
dc1c0cc75fd92612db072515904186e2  /etc/python/cert-verification.cfg
871bc72fe80572425a9529c6d39166d1  /etc/login.defs
ac222217925c4552d63a8982a1c2937c  /etc/pam.d/config-util
2918a1268cd800bbbeb949d1aca9ad4a  /etc/pam.d/fingerprint-auth
af140f3d3ae7fcf504f103e72256cfef  /etc/pam.d/other
c32f77ed98a247d1309e2d552f817d3f  /etc/pam.d/password-auth
585c6702e51a90890d302fc8ba3f59e3  /etc/pam.d/postlogin
778201b25f0f1cb2f63870665a1e549b  /etc/pam.d/smartcard-auth
c32f77ed98a247d1309e2d552f817d3f  /etc/pam.d/system-auth
20697b6a640ccd785cb8c96ac8c1ff7c  /etc/pam.d/chfn
20697b6a640ccd785cb8c96ac8c1ff7c  /etc/pam.d/chsh
0e8c66d8879a5f4c55b82e2fcc19459a  /etc/pam.d/login
5841e2efb8ead55ad7f0a385c41db2da  /etc/pam.d/remote
b8b44b045259525e0fae9e38fdb2aeeb  /etc/pam.d/runuser
2106ea05877e8913f34b2c77fa02be45  /etc/pam.d/runuser-l
951e804edc88857ad7fbce0fc515e23f  /etc/pam.d/su
756fef5687fecc0d986e5951427b0c4f  /etc/pam.d/su-l
75f50eec5885dbbcc548d248c75bb194  /etc/pam.d/systemd-user
038eb4e924b8027bfe852e63edb998de  /etc/pam.d/polkit-1
87cf9fac714fd04223f876da56793be0  /etc/pam.d/crond
7ddd3d661b917ab94d398a5d88033ed6  /etc/pam.d/vlock
ca51dcdb22404ef8cfb875583388c9de  /etc/pam.d/sshd
a4fb464fbcf0f1f470ea2016d120df62  /etc/pam.d/smtp.postfix
dcc4e27593a30780464a87d69edfcf68  /etc/pam.d/passwd
fe1fa95395ac725f386bb39523fc75ee  /etc/pam.d/sudo
5bb637cb9f055e4d16f88c42e1ac53a5  /etc/pam.d/sudo-i
dc21d0fd769d655b311d785670e5c6ae  /etc/security/access.conf
09a026b0ae024cf839f7e8e013e5742a  /etc/security/chroot.conf
2c2bc41e640fb5e9b9ab2198936a4361  /etc/security/console.handlers
f795677bdae0359a69d63330a4680057  /etc/security/console.perms
f1e26e8db6f7abd2d697d7dad3422c36  /etc/security/group.conf
03e886ce446289e291df588a96ee5c56  /etc/security/limits.conf
6c360b21f086c06d7735b3fb48f63d2e  /etc/security/limits.d/20-nproc.conf
6424c99a62ddf4b7d3ca713bb06ded89  /etc/security/namespace.conf
b46b23d64860d1557d2a8f44b231fd54  /etc/security/namespace.init
ddee4a931170dc21b4e0b9bb28e02a7b  /etc/security/pam_env.conf
d41c74654734a5c069a37bfc02f0a6d4  /etc/security/sepermit.conf
06e05c6079e839c8833ac7c3abfde192  /etc/security/time.conf
ed05f4f0bdd01c1b70acd769929e8e70  /etc/security/pwquality.conf
da086f9bbcd1b46c359104ba15ffaa7a  /etc/sasl2/smtpd.conf
94bffde8f75a1b8f891fb780bfe15ca2  /etc/ethertypes
e8dfee92170a923997db3898e224d77b  /etc/group-
24daf82d39f693f165421e6cddf0a471  /etc/plymouth/plymouthd.conf
237404196df68fb16a384d904e89f181  /etc/vimrc
9a561d913bcdb5a659ec2dd035975a8e  /etc/tuned/active_profile
03bd172aff0dca2bda0a51998100cd73  /etc/tuned/bootcmdline
451e20aff0f489cd2f7d4d73533aa961  /etc/tuned/profile_mode
4ca31570088a29ecccd1f6666944cb20  /etc/tuned/tuned-main.conf
59b618a80d8d5d50117cb98f87901e7f  /etc/postfix/access
76241933ff2b99514d08fdc8475b7a48  /etc/postfix/canonical
3abbda1791d3218c8b5f1de7bcbf75a5  /etc/postfix/generic
0a317ea1323eae935a1486e93f02ec35  /etc/postfix/header_checks
2d19eeddbcb5a178b097ccb878fc070d  /etc/postfix/main.cf
b047aed6492c17284f8ea6f6d087813e  /etc/postfix/master.cf
fb4dfd372cf44c87b0f0072ecfd1e747  /etc/postfix/relocated
975e8c742d29156bc4788e46271cd92f  /etc/postfix/transport
f7e42aa1279ceb3bf9f1a9525444b76e  /etc/postfix/virtual
edd1386b08a2158dc4208ace018d9beb  /etc/qemu-ga/fsfreeze-hook
9c8b67e54058547b3db44e8a01d76236  /etc/chrony.conf
0dd94a0c285fb32f41fa5b226e83c26b  /etc/rsyslog.conf
f29c502b13d4cfed58d72d830ed46624  /etc/kernel/postinst.d/51-dracut-rescue-postinst.sh
ee665f08e63e1942b56ada46d25b9e3f  /etc/man_db.conf
7ee18e3a79c3f2aba431e5e044dfc37f  /etc/e2fsck.conf
268e37e575074ca2ec24579094d80db9  /etc/mke2fs.conf
bde42c1da4093344b653743c5cdb463d  /etc/vconsole.conf
164aba1ef1298affaa58761647f2ceba  /etc/locale.conf
57c4a00b18fccb73ca9d3124fb0bbe81  /etc/hostname
4dd5adf7b5d25e5660a7c470c087c456  /etc/dhclient.conf
954d6e14ce9d742f91f094eee08c7693  /etc/.updated
576229a1438a50cc4567b3f19290c835  /etc/aliases.db
b4b5751c8926efae240a170f85b2bdc8  /etc/google_instance_id
49ae6757ebf4107f7f3f084113b310d7  /etc/boto.cfg
d41d8cd98f00b204e9800998ecf8427e  /etc/subuid-
d41d8cd98f00b204e9800998ecf8427e  /etc/subgid-
96b0f722f3c8caf3cd69f0cce6096f25  /etc/nanorc
c63fccb45c0dcbbbe17d0f4bdba920ec  /etc/rsyncd.conf
